2024-09-06 13:48:22,730 [Worker-6: Loading available Gradle versions] INFO  o.e.b.c.i.u.g.PublishedGradleVersions - Gradle version information cache is up-to-date. Trying to read.
2024-09-06 13:49:58,139 [Worker-1: Launching mavenrun-7170a60a-95d7-43e2-8303-99dc4442931e] INFO  o.eclipse.m2e.core.internal.Bundles - getClasspathEntries(Bundle=org.eclipse.m2e.maven.runtime_3.9.500.20231113-2345 [295])
2024-09-06 13:49:58,142 [Worker-1: Launching mavenrun-7170a60a-95d7-43e2-8303-99dc4442931e] INFO  o.eclipse.m2e.core.internal.Bundles - 	Entry: C:\Users\PC\.p2\pool\plugins\org.eclipse.m2e.maven.runtime_3.9.500.20231113-2345
2024-09-06 13:49:58,143 [Worker-1: Launching mavenrun-7170a60a-95d7-43e2-8303-99dc4442931e] INFO  o.eclipse.m2e.core.internal.Bundles - 	Entry: C:\Users\PC\.p2\pool\plugins\org.eclipse.m2e.maven.runtime_3.9.500.20231113-2345\jars\aopalliance-1.0.jar
2024-09-06 13:49:58,145 [Worker-1: Launching mavenrun-7170a60a-95d7-43e2-8303-99dc4442931e] INFO  o.eclipse.m2e.core.internal.Bundles - 	Entry: C:\Users\PC\.p2\pool\plugins\org.eclipse.m2e.maven.runtime_3.9.500.20231113-2345\jars\guice-5.1.0.jar
2024-09-06 13:49:58,145 [Worker-1: Launching mavenrun-7170a60a-95d7-43e2-8303-99dc4442931e] INFO  o.eclipse.m2e.core.internal.Bundles - 	Entry: C:\Users\PC\.p2\pool\plugins\org.eclipse.m2e.maven.runtime_3.9.500.20231113-2345\jars\httpclient-4.5.14.jar
2024-09-06 13:49:58,145 [Worker-1: Launching mavenrun-7170a60a-95d7-43e2-8303-99dc4442931e] INFO  o.eclipse.m2e.core.internal.Bundles - 	Entry: C:\Users\PC\.p2\pool\plugins\org.eclipse.m2e.maven.runtime_3.9.500.20231113-2345\jars\httpcore-4.4.16.jar
2024-09-06 13:49:58,147 [Worker-1: Launching mavenrun-7170a60a-95d7-43e2-8303-99dc4442931e] INFO  o.eclipse.m2e.core.internal.Bundles - 	Entry: C:\Users\PC\.p2\pool\plugins\org.eclipse.m2e.maven.runtime_3.9.500.20231113-2345\jars\jansi-2.4.0.jar
2024-09-06 13:49:58,147 [Worker-1: Launching mavenrun-7170a60a-95d7-43e2-8303-99dc4442931e] INFO  o.eclipse.m2e.core.internal.Bundles - 	Entry: C:\Users\PC\.p2\pool\plugins\org.eclipse.m2e.maven.runtime_3.9.500.20231113-2345\jars\jcl-over-slf4j-1.7.36.jar
2024-09-06 13:49:58,147 [Worker-1: Launching mavenrun-7170a60a-95d7-43e2-8303-99dc4442931e] INFO  o.eclipse.m2e.core.internal.Bundles - 	Entry: C:\Users\PC\.p2\pool\plugins\org.eclipse.m2e.maven.runtime_3.9.500.20231113-2345\jars\maven-artifact-3.9.5.jar
2024-09-06 13:49:58,148 [Worker-1: Launching mavenrun-7170a60a-95d7-43e2-8303-99dc4442931e] INFO  o.eclipse.m2e.core.internal.Bundles - 	Entry: C:\Users\PC\.p2\pool\plugins\org.eclipse.m2e.maven.runtime_3.9.500.20231113-2345\jars\maven-builder-support-3.9.5.jar
2024-09-06 13:49:58,148 [Worker-1: Launching mavenrun-7170a60a-95d7-43e2-8303-99dc4442931e] INFO  o.eclipse.m2e.core.internal.Bundles - 	Entry: C:\Users\PC\.p2\pool\plugins\org.eclipse.m2e.maven.runtime_3.9.500.20231113-2345\jars\maven-compat-3.9.5.jar
2024-09-06 13:49:58,148 [Worker-1: Launching mavenrun-7170a60a-95d7-43e2-8303-99dc4442931e] INFO  o.eclipse.m2e.core.internal.Bundles - 	Entry: C:\Users\PC\.p2\pool\plugins\org.eclipse.m2e.maven.runtime_3.9.500.20231113-2345\jars\maven-core-3.9.5.jar
2024-09-06 13:49:58,148 [Worker-1: Launching mavenrun-7170a60a-95d7-43e2-8303-99dc4442931e] INFO  o.eclipse.m2e.core.internal.Bundles - 	Entry: C:\Users\PC\.p2\pool\plugins\org.eclipse.m2e.maven.runtime_3.9.500.20231113-2345\jars\maven-embedder-3.9.5.jar
2024-09-06 13:49:58,149 [Worker-1: Launching mavenrun-7170a60a-95d7-43e2-8303-99dc4442931e] INFO  o.eclipse.m2e.core.internal.Bundles - 	Entry: C:\Users\PC\.p2\pool\plugins\org.eclipse.m2e.maven.runtime_3.9.500.20231113-2345\jars\maven-model-3.9.5.jar
2024-09-06 13:49:58,149 [Worker-1: Launching mavenrun-7170a60a-95d7-43e2-8303-99dc4442931e] INFO  o.eclipse.m2e.core.internal.Bundles - 	Entry: C:\Users\PC\.p2\pool\plugins\org.eclipse.m2e.maven.runtime_3.9.500.20231113-2345\jars\maven-model-builder-3.9.5.jar
2024-09-06 13:49:58,149 [Worker-1: Launching mavenrun-7170a60a-95d7-43e2-8303-99dc4442931e] INFO  o.eclipse.m2e.core.internal.Bundles - 	Entry: C:\Users\PC\.p2\pool\plugins\org.eclipse.m2e.maven.runtime_3.9.500.20231113-2345\jars\maven-plugin-api-3.9.5.jar
2024-09-06 13:49:58,150 [Worker-1: Launching mavenrun-7170a60a-95d7-43e2-8303-99dc4442931e] INFO  o.eclipse.m2e.core.internal.Bundles - 	Entry: C:\Users\PC\.p2\pool\plugins\org.eclipse.m2e.maven.runtime_3.9.500.20231113-2345\jars\maven-repository-metadata-3.9.5.jar
2024-09-06 13:49:58,150 [Worker-1: Launching mavenrun-7170a60a-95d7-43e2-8303-99dc4442931e] INFO  o.eclipse.m2e.core.internal.Bundles - 	Entry: C:\Users\PC\.p2\pool\plugins\org.eclipse.m2e.maven.runtime_3.9.500.20231113-2345\jars\maven-resolver-api-1.9.16.jar
2024-09-06 13:49:58,151 [Worker-1: Launching mavenrun-7170a60a-95d7-43e2-8303-99dc4442931e] INFO  o.eclipse.m2e.core.internal.Bundles - 	Entry: C:\Users\PC\.p2\pool\plugins\org.eclipse.m2e.maven.runtime_3.9.500.20231113-2345\jars\maven-resolver-connector-basic-1.9.16.jar
2024-09-06 13:49:58,151 [Worker-1: Launching mavenrun-7170a60a-95d7-43e2-8303-99dc4442931e] INFO  o.eclipse.m2e.core.internal.Bundles - 	Entry: C:\Users\PC\.p2\pool\plugins\org.eclipse.m2e.maven.runtime_3.9.500.20231113-2345\jars\maven-resolver-impl-1.9.16.jar
2024-09-06 13:49:58,152 [Worker-1: Launching mavenrun-7170a60a-95d7-43e2-8303-99dc4442931e] INFO  o.eclipse.m2e.core.internal.Bundles - 	Entry: C:\Users\PC\.p2\pool\plugins\org.eclipse.m2e.maven.runtime_3.9.500.20231113-2345\jars\maven-resolver-named-locks-1.9.16.jar
2024-09-06 13:49:58,152 [Worker-1: Launching mavenrun-7170a60a-95d7-43e2-8303-99dc4442931e] INFO  o.eclipse.m2e.core.internal.Bundles - 	Entry: C:\Users\PC\.p2\pool\plugins\org.eclipse.m2e.maven.runtime_3.9.500.20231113-2345\jars\maven-resolver-provider-3.9.5.jar
2024-09-06 13:49:58,153 [Worker-1: Launching mavenrun-7170a60a-95d7-43e2-8303-99dc4442931e] INFO  o.eclipse.m2e.core.internal.Bundles - 	Entry: C:\Users\PC\.p2\pool\plugins\org.eclipse.m2e.maven.runtime_3.9.500.20231113-2345\jars\maven-resolver-spi-1.9.16.jar
2024-09-06 13:49:58,153 [Worker-1: Launching mavenrun-7170a60a-95d7-43e2-8303-99dc4442931e] INFO  o.eclipse.m2e.core.internal.Bundles - 	Entry: C:\Users\PC\.p2\pool\plugins\org.eclipse.m2e.maven.runtime_3.9.500.20231113-2345\jars\maven-resolver-transport-file-1.9.16.jar
2024-09-06 13:49:58,154 [Worker-1: Launching mavenrun-7170a60a-95d7-43e2-8303-99dc4442931e] INFO  o.eclipse.m2e.core.internal.Bundles - 	Entry: C:\Users\PC\.p2\pool\plugins\org.eclipse.m2e.maven.runtime_3.9.500.20231113-2345\jars\maven-resolver-transport-http-1.9.16.jar
2024-09-06 13:49:58,154 [Worker-1: Launching mavenrun-7170a60a-95d7-43e2-8303-99dc4442931e] INFO  o.eclipse.m2e.core.internal.Bundles - 	Entry: C:\Users\PC\.p2\pool\plugins\org.eclipse.m2e.maven.runtime_3.9.500.20231113-2345\jars\maven-resolver-transport-wagon-1.9.16.jar
2024-09-06 13:49:58,154 [Worker-1: Launching mavenrun-7170a60a-95d7-43e2-8303-99dc4442931e] INFO  o.eclipse.m2e.core.internal.Bundles - 	Entry: C:\Users\PC\.p2\pool\plugins\org.eclipse.m2e.maven.runtime_3.9.500.20231113-2345\jars\maven-resolver-util-1.9.16.jar
2024-09-06 13:49:58,155 [Worker-1: Launching mavenrun-7170a60a-95d7-43e2-8303-99dc4442931e] INFO  o.eclipse.m2e.core.internal.Bundles - 	Entry: C:\Users\PC\.p2\pool\plugins\org.eclipse.m2e.maven.runtime_3.9.500.20231113-2345\jars\maven-settings-3.9.5.jar
2024-09-06 13:49:58,155 [Worker-1: Launching mavenrun-7170a60a-95d7-43e2-8303-99dc4442931e] INFO  o.eclipse.m2e.core.internal.Bundles - 	Entry: C:\Users\PC\.p2\pool\plugins\org.eclipse.m2e.maven.runtime_3.9.500.20231113-2345\jars\maven-settings-builder-3.9.5.jar
2024-09-06 13:49:58,155 [Worker-1: Launching mavenrun-7170a60a-95d7-43e2-8303-99dc4442931e] INFO  o.eclipse.m2e.core.internal.Bundles - 	Entry: C:\Users\PC\.p2\pool\plugins\org.eclipse.m2e.maven.runtime_3.9.500.20231113-2345\jars\maven-shared-utils-3.3.4.jar
2024-09-06 13:49:58,155 [Worker-1: Launching mavenrun-7170a60a-95d7-43e2-8303-99dc4442931e] INFO  o.eclipse.m2e.core.internal.Bundles - 	Entry: C:\Users\PC\.p2\pool\plugins\org.eclipse.m2e.maven.runtime_3.9.500.20231113-2345\jars\org.eclipse.sisu.inject-0.3.5.jar
2024-09-06 13:49:58,156 [Worker-1: Launching mavenrun-7170a60a-95d7-43e2-8303-99dc4442931e] INFO  o.eclipse.m2e.core.internal.Bundles - 	Entry: C:\Users\PC\.p2\pool\plugins\org.eclipse.m2e.maven.runtime_3.9.500.20231113-2345\jars\org.eclipse.sisu.plexus-0.3.5.jar
2024-09-06 13:49:58,156 [Worker-1: Launching mavenrun-7170a60a-95d7-43e2-8303-99dc4442931e] INFO  o.eclipse.m2e.core.internal.Bundles - 	Entry: C:\Users\PC\.p2\pool\plugins\org.eclipse.m2e.maven.runtime_3.9.500.20231113-2345\jars\plexus-build-api-0.0.7.jar
2024-09-06 13:49:58,156 [Worker-1: Launching mavenrun-7170a60a-95d7-43e2-8303-99dc4442931e] INFO  o.eclipse.m2e.core.internal.Bundles - 	Entry: C:\Users\PC\.p2\pool\plugins\org.eclipse.m2e.maven.runtime_3.9.500.20231113-2345\jars\plexus-cipher-2.0.jar
2024-09-06 13:49:58,156 [Worker-1: Launching mavenrun-7170a60a-95d7-43e2-8303-99dc4442931e] INFO  o.eclipse.m2e.core.internal.Bundles - 	Entry: C:\Users\PC\.p2\pool\plugins\org.eclipse.m2e.maven.runtime_3.9.500.20231113-2345\jars\plexus-classworlds-2.7.0.jar
2024-09-06 13:49:58,157 [Worker-1: Launching mavenrun-7170a60a-95d7-43e2-8303-99dc4442931e] INFO  o.eclipse.m2e.core.internal.Bundles - 	Entry: C:\Users\PC\.p2\pool\plugins\org.eclipse.m2e.maven.runtime_3.9.500.20231113-2345\jars\plexus-component-annotations-2.1.0.jar
2024-09-06 13:49:58,157 [Worker-1: Launching mavenrun-7170a60a-95d7-43e2-8303-99dc4442931e] INFO  o.eclipse.m2e.core.internal.Bundles - 	Entry: C:\Users\PC\.p2\pool\plugins\org.eclipse.m2e.maven.runtime_3.9.500.20231113-2345\jars\plexus-interpolation-1.26.jar
2024-09-06 13:49:58,157 [Worker-1: Launching mavenrun-7170a60a-95d7-43e2-8303-99dc4442931e] INFO  o.eclipse.m2e.core.internal.Bundles - 	Entry: C:\Users\PC\.p2\pool\plugins\org.eclipse.m2e.maven.runtime_3.9.500.20231113-2345\jars\plexus-sec-dispatcher-2.0.jar
2024-09-06 13:49:58,158 [Worker-1: Launching mavenrun-7170a60a-95d7-43e2-8303-99dc4442931e] INFO  o.eclipse.m2e.core.internal.Bundles - 	Entry: C:\Users\PC\.p2\pool\plugins\org.eclipse.m2e.maven.runtime_3.9.500.20231113-2345\jars\plexus-utils-3.5.1.jar
2024-09-06 13:49:58,158 [Worker-1: Launching mavenrun-7170a60a-95d7-43e2-8303-99dc4442931e] INFO  o.eclipse.m2e.core.internal.Bundles - 	Entry: C:\Users\PC\.p2\pool\plugins\org.eclipse.m2e.maven.runtime_3.9.500.20231113-2345\jars\wagon-file-3.5.3.jar
2024-09-06 13:49:58,158 [Worker-1: Launching mavenrun-7170a60a-95d7-43e2-8303-99dc4442931e] INFO  o.eclipse.m2e.core.internal.Bundles - 	Entry: C:\Users\PC\.p2\pool\plugins\org.eclipse.m2e.maven.runtime_3.9.500.20231113-2345\jars\wagon-http-3.5.3.jar
2024-09-06 13:49:58,159 [Worker-1: Launching mavenrun-7170a60a-95d7-43e2-8303-99dc4442931e] INFO  o.eclipse.m2e.core.internal.Bundles - 	Entry: C:\Users\PC\.p2\pool\plugins\org.eclipse.m2e.maven.runtime_3.9.500.20231113-2345\jars\wagon-http-shared-3.5.3.jar
2024-09-06 13:49:58,159 [Worker-1: Launching mavenrun-7170a60a-95d7-43e2-8303-99dc4442931e] INFO  o.eclipse.m2e.core.internal.Bundles - 	Entry: C:\Users\PC\.p2\pool\plugins\org.eclipse.m2e.maven.runtime_3.9.500.20231113-2345\jars\wagon-provider-api-3.5.3.jar
2024-09-06 13:49:58,163 [Worker-1: Launching mavenrun-7170a60a-95d7-43e2-8303-99dc4442931e] INFO  o.eclipse.m2e.core.internal.Bundles - getClasspathEntries(Bundle=com.google.guava_32.1.3.jre [10])
2024-09-06 13:49:58,164 [Worker-1: Launching mavenrun-7170a60a-95d7-43e2-8303-99dc4442931e] INFO  o.eclipse.m2e.core.internal.Bundles - 	Entry: C:\Users\PC\.p2\pool\plugins\com.google.guava_32.1.3.jre.jar
2024-09-06 13:49:58,164 [Worker-1: Launching mavenrun-7170a60a-95d7-43e2-8303-99dc4442931e] INFO  o.eclipse.m2e.core.internal.Bundles - getClasspathEntries(Bundle=slf4j.api_2.0.13 [549])
2024-09-06 13:49:58,165 [Worker-1: Launching mavenrun-7170a60a-95d7-43e2-8303-99dc4442931e] INFO  o.eclipse.m2e.core.internal.Bundles - 	Entry: C:\Users\PC\.p2\pool\plugins\slf4j.api_2.0.13.jar
2024-09-06 13:49:58,165 [Worker-1: Launching mavenrun-7170a60a-95d7-43e2-8303-99dc4442931e] INFO  o.eclipse.m2e.core.internal.Bundles - getClasspathEntries(Bundle=jakarta.inject.jakarta.inject-api_1.0.5 [22])
2024-09-06 13:49:58,166 [Worker-1: Launching mavenrun-7170a60a-95d7-43e2-8303-99dc4442931e] INFO  o.eclipse.m2e.core.internal.Bundles - 	Entry: C:\Users\PC\.p2\pool\plugins\jakarta.inject.jakarta.inject-api_1.0.5.jar
2024-09-06 13:49:58,166 [Worker-1: Launching mavenrun-7170a60a-95d7-43e2-8303-99dc4442931e] INFO  o.eclipse.m2e.core.internal.Bundles - getClasspathEntries(Bundle=jakarta.annotation-api_1.3.5 [20])
2024-09-06 13:49:58,167 [Worker-1: Launching mavenrun-7170a60a-95d7-43e2-8303-99dc4442931e] INFO  o.eclipse.m2e.core.internal.Bundles - 	Entry: C:\Users\PC\.p2\pool\plugins\jakarta.annotation-api_1.3.5.jar
2024-09-06 13:49:58,167 [Worker-1: Launching mavenrun-7170a60a-95d7-43e2-8303-99dc4442931e] INFO  o.eclipse.m2e.core.internal.Bundles - getClasspathEntries(Bundle=org.apache.commons.cli_1.6.0 [46])
2024-09-06 13:49:58,168 [Worker-1: Launching mavenrun-7170a60a-95d7-43e2-8303-99dc4442931e] INFO  o.eclipse.m2e.core.internal.Bundles - 	Entry: C:\Users\PC\.p2\pool\plugins\org.apache.commons.cli_1.6.0.jar
2024-09-06 13:49:58,168 [Worker-1: Launching mavenrun-7170a60a-95d7-43e2-8303-99dc4442931e] INFO  o.eclipse.m2e.core.internal.Bundles - getClasspathEntries(Bundle=org.apache.commons.commons-codec_1.16.0 [48])
2024-09-06 13:49:58,169 [Worker-1: Launching mavenrun-7170a60a-95d7-43e2-8303-99dc4442931e] INFO  o.eclipse.m2e.core.internal.Bundles - 	Entry: C:\Users\PC\.p2\pool\plugins\org.apache.commons.commons-codec_1.16.0.jar
2024-09-06 13:49:58,169 [Worker-1: Launching mavenrun-7170a60a-95d7-43e2-8303-99dc4442931e] INFO  o.eclipse.m2e.core.internal.Bundles - getClasspathEntries(Bundle=org.apache.commons.lang3_3.13.0 [53])
2024-09-06 13:49:58,170 [Worker-1: Launching mavenrun-7170a60a-95d7-43e2-8303-99dc4442931e] INFO  o.eclipse.m2e.core.internal.Bundles - 	Entry: C:\Users\PC\.p2\pool\plugins\org.apache.commons.lang3_3.13.0.jar
2024-09-06 13:49:58,171 [Worker-1: Launching mavenrun-7170a60a-95d7-43e2-8303-99dc4442931e] INFO  o.eclipse.m2e.core.internal.Bundles - getClasspathEntries(Bundle=com.google.guava.failureaccess_1.0.2 [11])
2024-09-06 13:49:58,171 [Worker-1: Launching mavenrun-7170a60a-95d7-43e2-8303-99dc4442931e] INFO  o.eclipse.m2e.core.internal.Bundles - 	Entry: C:\Users\PC\.p2\pool\plugins\com.google.guava.failureaccess_1.0.2.jar
2024-09-06 13:49:58,186 [Worker-1: Launching mavenrun-7170a60a-95d7-43e2-8303-99dc4442931e] INFO  o.e.m.i.launch.MavenLaunchDelegate - Run build in "C:\Users\PC\AppData\Local\Temp\m2e-archetypeGenerator4388689029792899817":
2024-09-06 13:49:58,190 [Worker-1: Launching mavenrun-7170a60a-95d7-43e2-8303-99dc4442931e] INFO  o.e.m.i.launch.MavenLaunchDelegate -  mvn  -DjavaCompilerVersion=17 -DjunitVersion=5.11.0 -DarchetypeGroupId=org.apache.maven.archetypes -DarchetypeArtifactId=maven-archetype-quickstart -DarchetypeVersion=1.5 -DgroupId=rs.ac.bg.fon.ai -DartifactId=zajednicki -Dversion=1.1.0 -Dpackage=rs.ac.bg.fon.ai.zajednicki -DoutputDirectory=C:\Users\PC\eclipse-workspace\projekat -Dstyle.color=always -U archetype:generate
2024-09-06 13:50:09,028 [Worker-10: Creating maven-archetype-quickstart] INFO  o.e.m.c.i.p.ProjectConfigurationManager - Collecting project info '/pom.xml' C:\Users\PC\eclipse-workspace\projekat\zajednicki\pom.xml
2024-09-06 13:50:10,061 [Worker-10: Creating maven-archetype-quickstart] INFO  o.e.m.c.i.l.LifecycleMappingFactory - Using org.eclipse.m2e.jdt.JarLifecycleMapping lifecycle mapping for MavenProject: rs.ac.bg.fon.ai:zajednicki:1.1.0 @ C:\Users\PC\eclipse-workspace\projekat\zajednicki\pom.xml.
2024-09-06 13:50:10,431 [Worker-10: Creating maven-archetype-quickstart] INFO  o.e.m.j.i.AbstractJavaProjectConfigurator - Adding source folder /zajednicki/src/main/java
2024-09-06 13:50:10,432 [Worker-10: Creating maven-archetype-quickstart] INFO  o.e.m.j.i.AbstractJavaProjectConfigurator - Adding resource folder /zajednicki/src/main/resources
2024-09-06 13:50:10,438 [Worker-10: Creating maven-archetype-quickstart] INFO  o.e.m.j.i.AbstractJavaProjectConfigurator - Adding source folder /zajednicki/src/test/java
2024-09-06 13:50:10,439 [Worker-10: Creating maven-archetype-quickstart] INFO  o.e.m.j.i.AbstractJavaProjectConfigurator - Adding resource folder /zajednicki/src/test/resources
2024-09-06 13:50:11,139 [Worker-10: Creating maven-archetype-quickstart] INFO  o.e.m.c.i.p.ProjectConfigurationManager - Imported and configured 1 project(s) in 2 sec
2024-09-06 13:50:12,649 [Worker-23: Building] INFO  o.a.m.s.f.DefaultMavenResourcesFiltering - skip non existing resourceDirectory C:\Users\PC\eclipse-workspace\projekat\zajednicki\src\main\resources
2024-09-06 13:50:12,657 [Worker-23: Building] INFO  o.a.m.s.f.DefaultMavenResourcesFiltering - skip non existing resourceDirectory C:\Users\PC\eclipse-workspace\projekat\zajednicki\src\test\resources
2024-09-06 13:51:11,923 [Worker-24: Building] INFO  o.a.m.s.f.DefaultMavenResourcesFiltering - skip non existing resourceDirectory C:\Users\PC\eclipse-workspace\projekat\zajednicki\src\main\resources
2024-09-06 13:51:11,931 [Worker-24: Building] INFO  o.a.m.s.f.DefaultMavenResourcesFiltering - skip non existing resourceDirectory C:\Users\PC\eclipse-workspace\projekat\zajednicki\src\test\resources
2024-09-06 13:54:27,491 [Worker-1: Building] INFO  o.a.m.s.f.DefaultMavenResourcesFiltering - skip non existing resourceDirectory C:\Users\PC\eclipse-workspace\projekat\zajednicki\src\main\resources
2024-09-06 13:54:27,495 [Worker-1: Building] INFO  o.a.m.s.f.DefaultMavenResourcesFiltering - skip non existing resourceDirectory C:\Users\PC\eclipse-workspace\projekat\zajednicki\src\test\resources
2024-09-06 13:54:39,447 [Worker-22: Building] INFO  o.a.m.s.f.DefaultMavenResourcesFiltering - skip non existing resourceDirectory C:\Users\PC\eclipse-workspace\projekat\zajednicki\src\main\resources
2024-09-06 13:54:39,452 [Worker-22: Building] INFO  o.a.m.s.f.DefaultMavenResourcesFiltering - skip non existing resourceDirectory C:\Users\PC\eclipse-workspace\projekat\zajednicki\src\test\resources
2024-09-06 13:54:44,670 [Worker-24: Building] INFO  o.a.m.s.f.DefaultMavenResourcesFiltering - skip non existing resourceDirectory C:\Users\PC\eclipse-workspace\projekat\zajednicki\src\main\resources
2024-09-06 13:54:44,673 [Worker-24: Building] INFO  o.a.m.s.f.DefaultMavenResourcesFiltering - skip non existing resourceDirectory C:\Users\PC\eclipse-workspace\projekat\zajednicki\src\test\resources
2024-09-06 13:56:53,568 [Worker-26: Building] INFO  o.a.m.s.f.DefaultMavenResourcesFiltering - skip non existing resourceDirectory C:\Users\PC\eclipse-workspace\projekat\zajednicki\src\main\resources
2024-09-06 13:56:53,573 [Worker-26: Building] INFO  o.a.m.s.f.DefaultMavenResourcesFiltering - skip non existing resourceDirectory C:\Users\PC\eclipse-workspace\projekat\zajednicki\src\test\resources
2024-09-06 14:00:13,141 [Worker-25: Building] INFO  o.a.m.s.f.DefaultMavenResourcesFiltering - skip non existing resourceDirectory C:\Users\PC\eclipse-workspace\projekat\zajednicki\src\main\resources
2024-09-06 14:00:13,144 [Worker-25: Building] INFO  o.a.m.s.f.DefaultMavenResourcesFiltering - skip non existing resourceDirectory C:\Users\PC\eclipse-workspace\projekat\zajednicki\src\test\resources
2024-09-06 14:01:12,347 [Worker-30: Building] INFO  o.a.m.s.f.DefaultMavenResourcesFiltering - skip non existing resourceDirectory C:\Users\PC\eclipse-workspace\projekat\zajednicki\src\main\resources
2024-09-06 14:01:12,347 [Worker-30: Building] INFO  o.a.m.s.f.DefaultMavenResourcesFiltering - skip non existing resourceDirectory C:\Users\PC\eclipse-workspace\projekat\zajednicki\src\test\resources
2024-09-06 14:01:30,515 [Worker-26: Building] INFO  o.a.m.s.f.DefaultMavenResourcesFiltering - skip non existing resourceDirectory C:\Users\PC\eclipse-workspace\projekat\zajednicki\src\main\resources
2024-09-06 14:01:30,519 [Worker-26: Building] INFO  o.a.m.s.f.DefaultMavenResourcesFiltering - skip non existing resourceDirectory C:\Users\PC\eclipse-workspace\projekat\zajednicki\src\test\resources
2024-09-06 14:01:32,631 [Worker-29: Building] INFO  o.a.m.s.f.DefaultMavenResourcesFiltering - skip non existing resourceDirectory C:\Users\PC\eclipse-workspace\projekat\zajednicki\src\main\resources
2024-09-06 14:01:32,635 [Worker-29: Building] INFO  o.a.m.s.f.DefaultMavenResourcesFiltering - skip non existing resourceDirectory C:\Users\PC\eclipse-workspace\projekat\zajednicki\src\test\resources
2024-09-06 14:01:44,414 [Worker-25: Building] INFO  o.a.m.s.f.DefaultMavenResourcesFiltering - skip non existing resourceDirectory C:\Users\PC\eclipse-workspace\projekat\zajednicki\src\main\resources
2024-09-06 14:01:44,420 [Worker-25: Building] INFO  o.a.m.s.f.DefaultMavenResourcesFiltering - skip non existing resourceDirectory C:\Users\PC\eclipse-workspace\projekat\zajednicki\src\test\resources
2024-09-06 14:01:54,549 [Worker-30: Building] INFO  o.a.m.s.f.DefaultMavenResourcesFiltering - skip non existing resourceDirectory C:\Users\PC\eclipse-workspace\projekat\zajednicki\src\main\resources
2024-09-06 14:01:54,553 [Worker-30: Building] INFO  o.a.m.s.f.DefaultMavenResourcesFiltering - skip non existing resourceDirectory C:\Users\PC\eclipse-workspace\projekat\zajednicki\src\test\resources
2024-09-06 14:02:03,029 [Worker-25: Building] INFO  o.a.m.s.f.DefaultMavenResourcesFiltering - skip non existing resourceDirectory C:\Users\PC\eclipse-workspace\projekat\zajednicki\src\main\resources
2024-09-06 14:02:03,034 [Worker-25: Building] INFO  o.a.m.s.f.DefaultMavenResourcesFiltering - skip non existing resourceDirectory C:\Users\PC\eclipse-workspace\projekat\zajednicki\src\test\resources
2024-09-06 14:02:09,857 [Worker-30: Building] INFO  o.a.m.s.f.DefaultMavenResourcesFiltering - skip non existing resourceDirectory C:\Users\PC\eclipse-workspace\projekat\zajednicki\src\main\resources
2024-09-06 14:02:09,862 [Worker-30: Building] INFO  o.a.m.s.f.DefaultMavenResourcesFiltering - skip non existing resourceDirectory C:\Users\PC\eclipse-workspace\projekat\zajednicki\src\test\resources
2024-09-06 14:03:07,329 [Worker-25: Building] INFO  o.a.m.s.f.DefaultMavenResourcesFiltering - skip non existing resourceDirectory C:\Users\PC\eclipse-workspace\projekat\zajednicki\src\main\resources
2024-09-06 14:03:07,335 [Worker-25: Building] INFO  o.a.m.s.f.DefaultMavenResourcesFiltering - skip non existing resourceDirectory C:\Users\PC\eclipse-workspace\projekat\zajednicki\src\test\resources
2024-09-06 14:03:21,579 [Worker-30: Building] INFO  o.a.m.s.f.DefaultMavenResourcesFiltering - skip non existing resourceDirectory C:\Users\PC\eclipse-workspace\projekat\zajednicki\src\main\resources
2024-09-06 14:03:21,582 [Worker-30: Building] INFO  o.a.m.s.f.DefaultMavenResourcesFiltering - skip non existing resourceDirectory C:\Users\PC\eclipse-workspace\projekat\zajednicki\src\test\resources
2024-09-06 14:03:29,588 [Worker-26: Building] INFO  o.a.m.s.f.DefaultMavenResourcesFiltering - skip non existing resourceDirectory C:\Users\PC\eclipse-workspace\projekat\zajednicki\src\main\resources
2024-09-06 14:03:29,592 [Worker-26: Building] INFO  o.a.m.s.f.DefaultMavenResourcesFiltering - skip non existing resourceDirectory C:\Users\PC\eclipse-workspace\projekat\zajednicki\src\test\resources
2024-09-06 14:03:36,040 [Worker-26: Building] INFO  o.a.m.s.f.DefaultMavenResourcesFiltering - skip non existing resourceDirectory C:\Users\PC\eclipse-workspace\projekat\zajednicki\src\main\resources
2024-09-06 14:03:36,044 [Worker-26: Building] INFO  o.a.m.s.f.DefaultMavenResourcesFiltering - skip non existing resourceDirectory C:\Users\PC\eclipse-workspace\projekat\zajednicki\src\test\resources
2024-09-06 14:03:42,647 [Worker-30: Building] INFO  o.a.m.s.f.DefaultMavenResourcesFiltering - skip non existing resourceDirectory C:\Users\PC\eclipse-workspace\projekat\zajednicki\src\main\resources
2024-09-06 14:03:42,650 [Worker-30: Building] INFO  o.a.m.s.f.DefaultMavenResourcesFiltering - skip non existing resourceDirectory C:\Users\PC\eclipse-workspace\projekat\zajednicki\src\test\resources
2024-09-06 14:03:48,893 [Worker-29: Building] INFO  o.a.m.s.f.DefaultMavenResourcesFiltering - skip non existing resourceDirectory C:\Users\PC\eclipse-workspace\projekat\zajednicki\src\main\resources
2024-09-06 14:03:48,896 [Worker-29: Building] INFO  o.a.m.s.f.DefaultMavenResourcesFiltering - skip non existing resourceDirectory C:\Users\PC\eclipse-workspace\projekat\zajednicki\src\test\resources
2024-09-06 14:03:55,169 [Worker-22: Building] INFO  o.a.m.s.f.DefaultMavenResourcesFiltering - skip non existing resourceDirectory C:\Users\PC\eclipse-workspace\projekat\zajednicki\src\main\resources
2024-09-06 14:03:55,176 [Worker-22: Building] INFO  o.a.m.s.f.DefaultMavenResourcesFiltering - skip non existing resourceDirectory C:\Users\PC\eclipse-workspace\projekat\zajednicki\src\test\resources
2024-09-06 14:04:01,314 [Worker-30: Building] INFO  o.a.m.s.f.DefaultMavenResourcesFiltering - skip non existing resourceDirectory C:\Users\PC\eclipse-workspace\projekat\zajednicki\src\main\resources
2024-09-06 14:04:01,318 [Worker-30: Building] INFO  o.a.m.s.f.DefaultMavenResourcesFiltering - skip non existing resourceDirectory C:\Users\PC\eclipse-workspace\projekat\zajednicki\src\test\resources
2024-09-06 14:04:07,355 [Worker-29: Building] INFO  o.a.m.s.f.DefaultMavenResourcesFiltering - skip non existing resourceDirectory C:\Users\PC\eclipse-workspace\projekat\zajednicki\src\main\resources
2024-09-06 14:04:07,360 [Worker-29: Building] INFO  o.a.m.s.f.DefaultMavenResourcesFiltering - skip non existing resourceDirectory C:\Users\PC\eclipse-workspace\projekat\zajednicki\src\test\resources
2024-09-06 14:04:14,529 [Worker-31: Building] INFO  o.a.m.s.f.DefaultMavenResourcesFiltering - skip non existing resourceDirectory C:\Users\PC\eclipse-workspace\projekat\zajednicki\src\main\resources
2024-09-06 14:04:14,533 [Worker-31: Building] INFO  o.a.m.s.f.DefaultMavenResourcesFiltering - skip non existing resourceDirectory C:\Users\PC\eclipse-workspace\projekat\zajednicki\src\test\resources
2024-09-06 14:07:30,992 [Worker-25: Building] INFO  o.a.m.s.f.DefaultMavenResourcesFiltering - skip non existing resourceDirectory C:\Users\PC\eclipse-workspace\projekat\zajednicki\src\main\resources
2024-09-06 14:07:30,997 [Worker-25: Building] INFO  o.a.m.s.f.DefaultMavenResourcesFiltering - skip non existing resourceDirectory C:\Users\PC\eclipse-workspace\projekat\zajednicki\src\test\resources
2024-09-06 14:08:23,867 [Worker-32: Building] INFO  o.a.m.s.f.DefaultMavenResourcesFiltering - skip non existing resourceDirectory C:\Users\PC\eclipse-workspace\projekat\zajednicki\src\main\resources
2024-09-06 14:08:23,871 [Worker-32: Building] INFO  o.a.m.s.f.DefaultMavenResourcesFiltering - skip non existing resourceDirectory C:\Users\PC\eclipse-workspace\projekat\zajednicki\src\test\resources
2024-09-06 14:10:20,350 [Worker-29: Building] INFO  o.e.m.c.i.e.AbstractTransferListenerAdapter - Downloading https://repo.maven.apache.org/maven2/org/mockito/mockito-junit-jupiter/5.3.0/mockito-junit-jupiter-5.3.0.pom
2024-09-06 14:10:20,382 [Worker-29: Building] INFO  o.e.m.c.i.e.AbstractTransferListenerAdapter - Downloaded https://repo.maven.apache.org/maven2/org/mockito/mockito-junit-jupiter/5.3.0/mockito-junit-jupiter-5.3.0.pom
2024-09-06 14:10:20,415 [Worker-29: Building] INFO  o.e.m.c.i.e.AbstractTransferListenerAdapter - Downloading https://repo.maven.apache.org/maven2/org/mockito/mockito-core/5.3.0/mockito-core-5.3.0.pom
2024-09-06 14:10:20,420 [Worker-29: Building] INFO  o.e.m.c.i.e.AbstractTransferListenerAdapter - Downloaded https://repo.maven.apache.org/maven2/org/mockito/mockito-core/5.3.0/mockito-core-5.3.0.pom
2024-09-06 14:10:20,622 [Worker-29: Building] INFO  o.e.m.c.i.e.AbstractTransferListenerAdapter - Downloading https://repo.maven.apache.org/maven2/org/mockito/mockito-junit-jupiter/5.3.0/mockito-junit-jupiter-5.3.0.jar
2024-09-06 14:10:20,633 [Worker-29: Building] INFO  o.e.m.c.i.e.AbstractTransferListenerAdapter - Downloaded https://repo.maven.apache.org/maven2/org/mockito/mockito-junit-jupiter/5.3.0/mockito-junit-jupiter-5.3.0.jar
2024-09-06 14:10:20,757 [BasicRepositoryConnector-repo.maven.apache.org-0-0] INFO  o.e.m.c.i.e.AbstractTransferListenerAdapter - Downloading https://repo.maven.apache.org/maven2/org/mockito/mockito-core/5.3.0/mockito-core-5.3.0.jar
2024-09-06 14:10:20,855 [BasicRepositoryConnector-repo.maven.apache.org-0-0] INFO  o.e.m.c.i.e.AbstractTransferListenerAdapter - Downloaded https://repo.maven.apache.org/maven2/org/mockito/mockito-core/5.3.0/mockito-core-5.3.0.jar
2024-09-06 14:10:21,374 [Worker-29: Building] INFO  o.e.m.c.i.l.LifecycleMappingFactory - Using org.eclipse.m2e.jdt.JarLifecycleMapping lifecycle mapping for MavenProject: rs.ac.bg.fon.ai:zajednicki:1.1.0 @ C:\Users\PC\git\zajednicki\zajednicki\pom.xml.
2024-09-06 14:10:21,802 [Worker-29: Building] INFO  o.a.m.s.f.DefaultMavenResourcesFiltering - skip non existing resourceDirectory C:\Users\PC\git\zajednicki\zajednicki\src\main\resources
2024-09-06 14:10:21,809 [Worker-29: Building] INFO  o.a.m.s.f.DefaultMavenResourcesFiltering - skip non existing resourceDirectory C:\Users\PC\git\zajednicki\zajednicki\src\test\resources
2024-09-06 14:10:22,743 [Worker-33: Download sources and javadoc] INFO  o.e.m.c.i.e.AbstractTransferListenerAdapter - Downloading https://repo.maven.apache.org/maven2/org/mockito/mockito-junit-jupiter/5.3.0/mockito-junit-jupiter-5.3.0-sources.jar
2024-09-06 14:10:22,750 [Worker-33: Download sources and javadoc] INFO  o.e.m.c.i.e.AbstractTransferListenerAdapter - Downloaded https://repo.maven.apache.org/maven2/org/mockito/mockito-junit-jupiter/5.3.0/mockito-junit-jupiter-5.3.0-sources.jar
2024-09-06 14:10:22,756 [Worker-33: Download sources and javadoc] INFO  o.e.m.j.internal.DownloadSourcesJob - Downloaded sources for org.mockito:mockito-junit-jupiter:5.3.0
2024-09-06 14:10:22,939 [Worker-33: Download sources and javadoc] INFO  o.e.m.c.i.e.AbstractTransferListenerAdapter - Downloading https://repo.maven.apache.org/maven2/org/mockito/mockito-core/5.3.0/mockito-core-5.3.0-sources.jar
2024-09-06 14:10:23,373 [Worker-33: Download sources and javadoc] INFO  o.e.m.c.i.e.AbstractTransferListenerAdapter - Downloaded https://repo.maven.apache.org/maven2/org/mockito/mockito-core/5.3.0/mockito-core-5.3.0-sources.jar
2024-09-06 14:10:23,381 [Worker-33: Download sources and javadoc] INFO  o.e.m.j.internal.DownloadSourcesJob - Downloaded sources for org.mockito:mockito-core:5.3.0
2024-09-06 14:10:36,984 [Worker-32: Building] INFO  o.e.m.c.i.l.LifecycleMappingFactory - Using org.eclipse.m2e.jdt.JarLifecycleMapping lifecycle mapping for MavenProject: rs.ac.bg.fon.ai:zajednicki:1.1.0 @ C:\Users\PC\git\zajednicki\zajednicki\pom.xml.
2024-09-06 14:10:37,425 [Worker-32: Building] INFO  o.a.m.s.f.DefaultMavenResourcesFiltering - skip non existing resourceDirectory C:\Users\PC\git\zajednicki\zajednicki\src\main\resources
2024-09-06 14:10:37,432 [Worker-32: Building] INFO  o.a.m.s.f.DefaultMavenResourcesFiltering - skip non existing resourceDirectory C:\Users\PC\git\zajednicki\zajednicki\src\test\resources
2024-09-06 14:13:10,801 [Worker-33: Launching mavenrun-6b2acc62-2785-4a0e-bdc2-c887510b188e] INFO  o.eclipse.m2e.core.internal.Bundles - getClasspathEntries(Bundle=org.eclipse.m2e.maven.runtime_3.9.500.20231113-2345 [295])
2024-09-06 14:13:10,805 [Worker-33: Launching mavenrun-6b2acc62-2785-4a0e-bdc2-c887510b188e] INFO  o.eclipse.m2e.core.internal.Bundles - 	Entry: C:\Users\PC\.p2\pool\plugins\org.eclipse.m2e.maven.runtime_3.9.500.20231113-2345
2024-09-06 14:13:10,807 [Worker-33: Launching mavenrun-6b2acc62-2785-4a0e-bdc2-c887510b188e] INFO  o.eclipse.m2e.core.internal.Bundles - 	Entry: C:\Users\PC\.p2\pool\plugins\org.eclipse.m2e.maven.runtime_3.9.500.20231113-2345\jars\aopalliance-1.0.jar
2024-09-06 14:13:10,807 [Worker-33: Launching mavenrun-6b2acc62-2785-4a0e-bdc2-c887510b188e] INFO  o.eclipse.m2e.core.internal.Bundles - 	Entry: C:\Users\PC\.p2\pool\plugins\org.eclipse.m2e.maven.runtime_3.9.500.20231113-2345\jars\guice-5.1.0.jar
2024-09-06 14:13:10,808 [Worker-33: Launching mavenrun-6b2acc62-2785-4a0e-bdc2-c887510b188e] INFO  o.eclipse.m2e.core.internal.Bundles - 	Entry: C:\Users\PC\.p2\pool\plugins\org.eclipse.m2e.maven.runtime_3.9.500.20231113-2345\jars\httpclient-4.5.14.jar
2024-09-06 14:13:10,808 [Worker-33: Launching mavenrun-6b2acc62-2785-4a0e-bdc2-c887510b188e] INFO  o.eclipse.m2e.core.internal.Bundles - 	Entry: C:\Users\PC\.p2\pool\plugins\org.eclipse.m2e.maven.runtime_3.9.500.20231113-2345\jars\httpcore-4.4.16.jar
2024-09-06 14:13:10,809 [Worker-33: Launching mavenrun-6b2acc62-2785-4a0e-bdc2-c887510b188e] INFO  o.eclipse.m2e.core.internal.Bundles - 	Entry: C:\Users\PC\.p2\pool\plugins\org.eclipse.m2e.maven.runtime_3.9.500.20231113-2345\jars\jansi-2.4.0.jar
2024-09-06 14:13:10,809 [Worker-33: Launching mavenrun-6b2acc62-2785-4a0e-bdc2-c887510b188e] INFO  o.eclipse.m2e.core.internal.Bundles - 	Entry: C:\Users\PC\.p2\pool\plugins\org.eclipse.m2e.maven.runtime_3.9.500.20231113-2345\jars\jcl-over-slf4j-1.7.36.jar
2024-09-06 14:13:10,810 [Worker-33: Launching mavenrun-6b2acc62-2785-4a0e-bdc2-c887510b188e] INFO  o.eclipse.m2e.core.internal.Bundles - 	Entry: C:\Users\PC\.p2\pool\plugins\org.eclipse.m2e.maven.runtime_3.9.500.20231113-2345\jars\maven-artifact-3.9.5.jar
2024-09-06 14:13:10,810 [Worker-33: Launching mavenrun-6b2acc62-2785-4a0e-bdc2-c887510b188e] INFO  o.eclipse.m2e.core.internal.Bundles - 	Entry: C:\Users\PC\.p2\pool\plugins\org.eclipse.m2e.maven.runtime_3.9.500.20231113-2345\jars\maven-builder-support-3.9.5.jar
2024-09-06 14:13:10,811 [Worker-33: Launching mavenrun-6b2acc62-2785-4a0e-bdc2-c887510b188e] INFO  o.eclipse.m2e.core.internal.Bundles - 	Entry: C:\Users\PC\.p2\pool\plugins\org.eclipse.m2e.maven.runtime_3.9.500.20231113-2345\jars\maven-compat-3.9.5.jar
2024-09-06 14:13:10,811 [Worker-33: Launching mavenrun-6b2acc62-2785-4a0e-bdc2-c887510b188e] INFO  o.eclipse.m2e.core.internal.Bundles - 	Entry: C:\Users\PC\.p2\pool\plugins\org.eclipse.m2e.maven.runtime_3.9.500.20231113-2345\jars\maven-core-3.9.5.jar
2024-09-06 14:13:10,811 [Worker-33: Launching mavenrun-6b2acc62-2785-4a0e-bdc2-c887510b188e] INFO  o.eclipse.m2e.core.internal.Bundles - 	Entry: C:\Users\PC\.p2\pool\plugins\org.eclipse.m2e.maven.runtime_3.9.500.20231113-2345\jars\maven-embedder-3.9.5.jar
2024-09-06 14:13:10,812 [Worker-33: Launching mavenrun-6b2acc62-2785-4a0e-bdc2-c887510b188e] INFO  o.eclipse.m2e.core.internal.Bundles - 	Entry: C:\Users\PC\.p2\pool\plugins\org.eclipse.m2e.maven.runtime_3.9.500.20231113-2345\jars\maven-model-3.9.5.jar
2024-09-06 14:13:10,812 [Worker-33: Launching mavenrun-6b2acc62-2785-4a0e-bdc2-c887510b188e] INFO  o.eclipse.m2e.core.internal.Bundles - 	Entry: C:\Users\PC\.p2\pool\plugins\org.eclipse.m2e.maven.runtime_3.9.500.20231113-2345\jars\maven-model-builder-3.9.5.jar
2024-09-06 14:13:10,813 [Worker-33: Launching mavenrun-6b2acc62-2785-4a0e-bdc2-c887510b188e] INFO  o.eclipse.m2e.core.internal.Bundles - 	Entry: C:\Users\PC\.p2\pool\plugins\org.eclipse.m2e.maven.runtime_3.9.500.20231113-2345\jars\maven-plugin-api-3.9.5.jar
2024-09-06 14:13:10,813 [Worker-33: Launching mavenrun-6b2acc62-2785-4a0e-bdc2-c887510b188e] INFO  o.eclipse.m2e.core.internal.Bundles - 	Entry: C:\Users\PC\.p2\pool\plugins\org.eclipse.m2e.maven.runtime_3.9.500.20231113-2345\jars\maven-repository-metadata-3.9.5.jar
2024-09-06 14:13:10,814 [Worker-33: Launching mavenrun-6b2acc62-2785-4a0e-bdc2-c887510b188e] INFO  o.eclipse.m2e.core.internal.Bundles - 	Entry: C:\Users\PC\.p2\pool\plugins\org.eclipse.m2e.maven.runtime_3.9.500.20231113-2345\jars\maven-resolver-api-1.9.16.jar
2024-09-06 14:13:10,814 [Worker-33: Launching mavenrun-6b2acc62-2785-4a0e-bdc2-c887510b188e] INFO  o.eclipse.m2e.core.internal.Bundles - 	Entry: C:\Users\PC\.p2\pool\plugins\org.eclipse.m2e.maven.runtime_3.9.500.20231113-2345\jars\maven-resolver-connector-basic-1.9.16.jar
2024-09-06 14:13:10,815 [Worker-33: Launching mavenrun-6b2acc62-2785-4a0e-bdc2-c887510b188e] INFO  o.eclipse.m2e.core.internal.Bundles - 	Entry: C:\Users\PC\.p2\pool\plugins\org.eclipse.m2e.maven.runtime_3.9.500.20231113-2345\jars\maven-resolver-impl-1.9.16.jar
2024-09-06 14:13:10,816 [Worker-33: Launching mavenrun-6b2acc62-2785-4a0e-bdc2-c887510b188e] INFO  o.eclipse.m2e.core.internal.Bundles - 	Entry: C:\Users\PC\.p2\pool\plugins\org.eclipse.m2e.maven.runtime_3.9.500.20231113-2345\jars\maven-resolver-named-locks-1.9.16.jar
2024-09-06 14:13:10,816 [Worker-33: Launching mavenrun-6b2acc62-2785-4a0e-bdc2-c887510b188e] INFO  o.eclipse.m2e.core.internal.Bundles - 	Entry: C:\Users\PC\.p2\pool\plugins\org.eclipse.m2e.maven.runtime_3.9.500.20231113-2345\jars\maven-resolver-provider-3.9.5.jar
2024-09-06 14:13:10,817 [Worker-33: Launching mavenrun-6b2acc62-2785-4a0e-bdc2-c887510b188e] INFO  o.eclipse.m2e.core.internal.Bundles - 	Entry: C:\Users\PC\.p2\pool\plugins\org.eclipse.m2e.maven.runtime_3.9.500.20231113-2345\jars\maven-resolver-spi-1.9.16.jar
2024-09-06 14:13:10,818 [Worker-33: Launching mavenrun-6b2acc62-2785-4a0e-bdc2-c887510b188e] INFO  o.eclipse.m2e.core.internal.Bundles - 	Entry: C:\Users\PC\.p2\pool\plugins\org.eclipse.m2e.maven.runtime_3.9.500.20231113-2345\jars\maven-resolver-transport-file-1.9.16.jar
2024-09-06 14:13:10,819 [Worker-33: Launching mavenrun-6b2acc62-2785-4a0e-bdc2-c887510b188e] INFO  o.eclipse.m2e.core.internal.Bundles - 	Entry: C:\Users\PC\.p2\pool\plugins\org.eclipse.m2e.maven.runtime_3.9.500.20231113-2345\jars\maven-resolver-transport-http-1.9.16.jar
2024-09-06 14:13:10,820 [Worker-33: Launching mavenrun-6b2acc62-2785-4a0e-bdc2-c887510b188e] INFO  o.eclipse.m2e.core.internal.Bundles - 	Entry: C:\Users\PC\.p2\pool\plugins\org.eclipse.m2e.maven.runtime_3.9.500.20231113-2345\jars\maven-resolver-transport-wagon-1.9.16.jar
2024-09-06 14:13:10,821 [Worker-33: Launching mavenrun-6b2acc62-2785-4a0e-bdc2-c887510b188e] INFO  o.eclipse.m2e.core.internal.Bundles - 	Entry: C:\Users\PC\.p2\pool\plugins\org.eclipse.m2e.maven.runtime_3.9.500.20231113-2345\jars\maven-resolver-util-1.9.16.jar
2024-09-06 14:13:10,822 [Worker-33: Launching mavenrun-6b2acc62-2785-4a0e-bdc2-c887510b188e] INFO  o.eclipse.m2e.core.internal.Bundles - 	Entry: C:\Users\PC\.p2\pool\plugins\org.eclipse.m2e.maven.runtime_3.9.500.20231113-2345\jars\maven-settings-3.9.5.jar
2024-09-06 14:13:10,822 [Worker-33: Launching mavenrun-6b2acc62-2785-4a0e-bdc2-c887510b188e] INFO  o.eclipse.m2e.core.internal.Bundles - 	Entry: C:\Users\PC\.p2\pool\plugins\org.eclipse.m2e.maven.runtime_3.9.500.20231113-2345\jars\maven-settings-builder-3.9.5.jar
2024-09-06 14:13:10,823 [Worker-33: Launching mavenrun-6b2acc62-2785-4a0e-bdc2-c887510b188e] INFO  o.eclipse.m2e.core.internal.Bundles - 	Entry: C:\Users\PC\.p2\pool\plugins\org.eclipse.m2e.maven.runtime_3.9.500.20231113-2345\jars\maven-shared-utils-3.3.4.jar
2024-09-06 14:13:10,823 [Worker-33: Launching mavenrun-6b2acc62-2785-4a0e-bdc2-c887510b188e] INFO  o.eclipse.m2e.core.internal.Bundles - 	Entry: C:\Users\PC\.p2\pool\plugins\org.eclipse.m2e.maven.runtime_3.9.500.20231113-2345\jars\org.eclipse.sisu.inject-0.3.5.jar
2024-09-06 14:13:10,824 [Worker-33: Launching mavenrun-6b2acc62-2785-4a0e-bdc2-c887510b188e] INFO  o.eclipse.m2e.core.internal.Bundles - 	Entry: C:\Users\PC\.p2\pool\plugins\org.eclipse.m2e.maven.runtime_3.9.500.20231113-2345\jars\org.eclipse.sisu.plexus-0.3.5.jar
2024-09-06 14:13:10,825 [Worker-33: Launching mavenrun-6b2acc62-2785-4a0e-bdc2-c887510b188e] INFO  o.eclipse.m2e.core.internal.Bundles - 	Entry: C:\Users\PC\.p2\pool\plugins\org.eclipse.m2e.maven.runtime_3.9.500.20231113-2345\jars\plexus-build-api-0.0.7.jar
2024-09-06 14:13:10,825 [Worker-33: Launching mavenrun-6b2acc62-2785-4a0e-bdc2-c887510b188e] INFO  o.eclipse.m2e.core.internal.Bundles - 	Entry: C:\Users\PC\.p2\pool\plugins\org.eclipse.m2e.maven.runtime_3.9.500.20231113-2345\jars\plexus-cipher-2.0.jar
2024-09-06 14:13:10,826 [Worker-33: Launching mavenrun-6b2acc62-2785-4a0e-bdc2-c887510b188e] INFO  o.eclipse.m2e.core.internal.Bundles - 	Entry: C:\Users\PC\.p2\pool\plugins\org.eclipse.m2e.maven.runtime_3.9.500.20231113-2345\jars\plexus-classworlds-2.7.0.jar
2024-09-06 14:13:10,826 [Worker-33: Launching mavenrun-6b2acc62-2785-4a0e-bdc2-c887510b188e] INFO  o.eclipse.m2e.core.internal.Bundles - 	Entry: C:\Users\PC\.p2\pool\plugins\org.eclipse.m2e.maven.runtime_3.9.500.20231113-2345\jars\plexus-component-annotations-2.1.0.jar
2024-09-06 14:13:10,827 [Worker-33: Launching mavenrun-6b2acc62-2785-4a0e-bdc2-c887510b188e] INFO  o.eclipse.m2e.core.internal.Bundles - 	Entry: C:\Users\PC\.p2\pool\plugins\org.eclipse.m2e.maven.runtime_3.9.500.20231113-2345\jars\plexus-interpolation-1.26.jar
2024-09-06 14:13:10,827 [Worker-33: Launching mavenrun-6b2acc62-2785-4a0e-bdc2-c887510b188e] INFO  o.eclipse.m2e.core.internal.Bundles - 	Entry: C:\Users\PC\.p2\pool\plugins\org.eclipse.m2e.maven.runtime_3.9.500.20231113-2345\jars\plexus-sec-dispatcher-2.0.jar
2024-09-06 14:13:10,828 [Worker-33: Launching mavenrun-6b2acc62-2785-4a0e-bdc2-c887510b188e] INFO  o.eclipse.m2e.core.internal.Bundles - 	Entry: C:\Users\PC\.p2\pool\plugins\org.eclipse.m2e.maven.runtime_3.9.500.20231113-2345\jars\plexus-utils-3.5.1.jar
2024-09-06 14:13:10,828 [Worker-33: Launching mavenrun-6b2acc62-2785-4a0e-bdc2-c887510b188e] INFO  o.eclipse.m2e.core.internal.Bundles - 	Entry: C:\Users\PC\.p2\pool\plugins\org.eclipse.m2e.maven.runtime_3.9.500.20231113-2345\jars\wagon-file-3.5.3.jar
2024-09-06 14:13:10,829 [Worker-33: Launching mavenrun-6b2acc62-2785-4a0e-bdc2-c887510b188e] INFO  o.eclipse.m2e.core.internal.Bundles - 	Entry: C:\Users\PC\.p2\pool\plugins\org.eclipse.m2e.maven.runtime_3.9.500.20231113-2345\jars\wagon-http-3.5.3.jar
2024-09-06 14:13:10,830 [Worker-33: Launching mavenrun-6b2acc62-2785-4a0e-bdc2-c887510b188e] INFO  o.eclipse.m2e.core.internal.Bundles - 	Entry: C:\Users\PC\.p2\pool\plugins\org.eclipse.m2e.maven.runtime_3.9.500.20231113-2345\jars\wagon-http-shared-3.5.3.jar
2024-09-06 14:13:10,830 [Worker-33: Launching mavenrun-6b2acc62-2785-4a0e-bdc2-c887510b188e] INFO  o.eclipse.m2e.core.internal.Bundles - 	Entry: C:\Users\PC\.p2\pool\plugins\org.eclipse.m2e.maven.runtime_3.9.500.20231113-2345\jars\wagon-provider-api-3.5.3.jar
2024-09-06 14:13:10,830 [Worker-33: Launching mavenrun-6b2acc62-2785-4a0e-bdc2-c887510b188e] INFO  o.eclipse.m2e.core.internal.Bundles - getClasspathEntries(Bundle=com.google.guava_32.1.3.jre [10])
2024-09-06 14:13:10,832 [Worker-33: Launching mavenrun-6b2acc62-2785-4a0e-bdc2-c887510b188e] INFO  o.eclipse.m2e.core.internal.Bundles - 	Entry: C:\Users\PC\.p2\pool\plugins\com.google.guava_32.1.3.jre.jar
2024-09-06 14:13:10,832 [Worker-33: Launching mavenrun-6b2acc62-2785-4a0e-bdc2-c887510b188e] INFO  o.eclipse.m2e.core.internal.Bundles - getClasspathEntries(Bundle=slf4j.api_2.0.13 [549])
2024-09-06 14:13:10,833 [Worker-33: Launching mavenrun-6b2acc62-2785-4a0e-bdc2-c887510b188e] INFO  o.eclipse.m2e.core.internal.Bundles - 	Entry: C:\Users\PC\.p2\pool\plugins\slf4j.api_2.0.13.jar
2024-09-06 14:13:10,833 [Worker-33: Launching mavenrun-6b2acc62-2785-4a0e-bdc2-c887510b188e] INFO  o.eclipse.m2e.core.internal.Bundles - getClasspathEntries(Bundle=jakarta.inject.jakarta.inject-api_1.0.5 [22])
2024-09-06 14:13:10,834 [Worker-33: Launching mavenrun-6b2acc62-2785-4a0e-bdc2-c887510b188e] INFO  o.eclipse.m2e.core.internal.Bundles - 	Entry: C:\Users\PC\.p2\pool\plugins\jakarta.inject.jakarta.inject-api_1.0.5.jar
2024-09-06 14:13:10,834 [Worker-33: Launching mavenrun-6b2acc62-2785-4a0e-bdc2-c887510b188e] INFO  o.eclipse.m2e.core.internal.Bundles - getClasspathEntries(Bundle=jakarta.annotation-api_1.3.5 [20])
2024-09-06 14:13:10,835 [Worker-33: Launching mavenrun-6b2acc62-2785-4a0e-bdc2-c887510b188e] INFO  o.eclipse.m2e.core.internal.Bundles - 	Entry: C:\Users\PC\.p2\pool\plugins\jakarta.annotation-api_1.3.5.jar
2024-09-06 14:13:10,835 [Worker-33: Launching mavenrun-6b2acc62-2785-4a0e-bdc2-c887510b188e] INFO  o.eclipse.m2e.core.internal.Bundles - getClasspathEntries(Bundle=org.apache.commons.cli_1.6.0 [46])
2024-09-06 14:13:10,836 [Worker-33: Launching mavenrun-6b2acc62-2785-4a0e-bdc2-c887510b188e] INFO  o.eclipse.m2e.core.internal.Bundles - 	Entry: C:\Users\PC\.p2\pool\plugins\org.apache.commons.cli_1.6.0.jar
2024-09-06 14:13:10,836 [Worker-33: Launching mavenrun-6b2acc62-2785-4a0e-bdc2-c887510b188e] INFO  o.eclipse.m2e.core.internal.Bundles - getClasspathEntries(Bundle=org.apache.commons.commons-codec_1.16.0 [48])
2024-09-06 14:13:10,837 [Worker-33: Launching mavenrun-6b2acc62-2785-4a0e-bdc2-c887510b188e] INFO  o.eclipse.m2e.core.internal.Bundles - 	Entry: C:\Users\PC\.p2\pool\plugins\org.apache.commons.commons-codec_1.16.0.jar
2024-09-06 14:13:10,837 [Worker-33: Launching mavenrun-6b2acc62-2785-4a0e-bdc2-c887510b188e] INFO  o.eclipse.m2e.core.internal.Bundles - getClasspathEntries(Bundle=org.apache.commons.lang3_3.13.0 [53])
2024-09-06 14:13:10,838 [Worker-33: Launching mavenrun-6b2acc62-2785-4a0e-bdc2-c887510b188e] INFO  o.eclipse.m2e.core.internal.Bundles - 	Entry: C:\Users\PC\.p2\pool\plugins\org.apache.commons.lang3_3.13.0.jar
2024-09-06 14:13:10,838 [Worker-33: Launching mavenrun-6b2acc62-2785-4a0e-bdc2-c887510b188e] INFO  o.eclipse.m2e.core.internal.Bundles - getClasspathEntries(Bundle=com.google.guava.failureaccess_1.0.2 [11])
2024-09-06 14:13:10,839 [Worker-33: Launching mavenrun-6b2acc62-2785-4a0e-bdc2-c887510b188e] INFO  o.eclipse.m2e.core.internal.Bundles - 	Entry: C:\Users\PC\.p2\pool\plugins\com.google.guava.failureaccess_1.0.2.jar
2024-09-06 14:13:10,842 [Worker-33: Launching mavenrun-6b2acc62-2785-4a0e-bdc2-c887510b188e] INFO  o.e.m.i.launch.MavenLaunchDelegate - Run build in "C:\Users\PC\AppData\Local\Temp\m2e-archetypeGenerator17540471536148018355":
2024-09-06 14:13:10,842 [Worker-33: Launching mavenrun-6b2acc62-2785-4a0e-bdc2-c887510b188e] INFO  o.e.m.i.launch.MavenLaunchDelegate -  mvn  -DarchetypeGroupId=org.apache.maven.archetypes -DarchetypeArtifactId=maven-archetype-quickstart -DarchetypeVersion=1.1 -DgroupId=rs.ac.bg.fon.ai -DartifactId=server -Dversion=1.1.0 -Dpackage=rs.ac.bg.fon.ai.server -DoutputDirectory=C:\Users\PC\eclipse-workspace\projekat -Dstyle.color=always -U archetype:generate
2024-09-06 14:13:20,891 [Worker-32: Creating maven-archetype-quickstart] INFO  o.e.m.c.i.p.ProjectConfigurationManager - Collecting project info '/pom.xml' C:\Users\PC\eclipse-workspace\projekat\server\pom.xml
2024-09-06 14:13:21,351 [Worker-32: Creating maven-archetype-quickstart] INFO  o.e.m.c.i.l.LifecycleMappingFactory - Using org.eclipse.m2e.jdt.JarLifecycleMapping lifecycle mapping for MavenProject: rs.ac.bg.fon.ai:server:1.1.0 @ C:\Users\PC\eclipse-workspace\projekat\server\pom.xml.
2024-09-06 14:13:21,538 [Worker-32: Creating maven-archetype-quickstart] INFO  o.e.m.j.i.AbstractJavaProjectConfigurator - Adding source folder /server/src/main/java
2024-09-06 14:13:21,538 [Worker-32: Creating maven-archetype-quickstart] INFO  o.e.m.j.i.AbstractJavaProjectConfigurator - Adding resource folder /server/src/main/resources
2024-09-06 14:13:21,544 [Worker-32: Creating maven-archetype-quickstart] INFO  o.e.m.j.i.AbstractJavaProjectConfigurator - Adding source folder /server/src/test/java
2024-09-06 14:13:21,544 [Worker-32: Creating maven-archetype-quickstart] INFO  o.e.m.j.i.AbstractJavaProjectConfigurator - Adding resource folder /server/src/test/resources
2024-09-06 14:13:21,616 [Worker-32: Creating maven-archetype-quickstart] INFO  o.e.m.c.i.p.ProjectConfigurationManager - Imported and configured 1 project(s) in 0 sec
2024-09-06 14:13:21,852 [Worker-38: Building] INFO  o.a.m.s.f.DefaultMavenResourcesFiltering - skip non existing resourceDirectory C:\Users\PC\eclipse-workspace\projekat\server\src\main\resources
2024-09-06 14:13:21,857 [Worker-38: Building] INFO  o.a.m.s.f.DefaultMavenResourcesFiltering - skip non existing resourceDirectory C:\Users\PC\eclipse-workspace\projekat\server\src\test\resources
2024-09-06 14:13:56,850 [Worker-34: Building] INFO  o.a.m.s.f.DefaultMavenResourcesFiltering - skip non existing resourceDirectory C:\Users\PC\eclipse-workspace\projekat\server\src\main\resources
2024-09-06 14:13:56,853 [Worker-34: Building] INFO  o.a.m.s.f.DefaultMavenResourcesFiltering - skip non existing resourceDirectory C:\Users\PC\eclipse-workspace\projekat\server\src\test\resources
2024-09-06 14:14:45,226 [Worker-38: Building] INFO  o.a.m.s.f.DefaultMavenResourcesFiltering - skip non existing resourceDirectory C:\Users\PC\eclipse-workspace\projekat\server\src\main\resources
2024-09-06 14:14:45,232 [Worker-38: Building] INFO  o.a.m.s.f.DefaultMavenResourcesFiltering - skip non existing resourceDirectory C:\Users\PC\eclipse-workspace\projekat\server\src\test\resources
2024-09-06 14:14:56,566 [Worker-33: Building] INFO  o.a.m.s.f.DefaultMavenResourcesFiltering - skip non existing resourceDirectory C:\Users\PC\eclipse-workspace\projekat\server\src\main\resources
2024-09-06 14:14:56,568 [Worker-33: Building] INFO  o.a.m.s.f.DefaultMavenResourcesFiltering - skip non existing resourceDirectory C:\Users\PC\eclipse-workspace\projekat\server\src\test\resources
2024-09-06 14:15:07,818 [Worker-34: Building] INFO  o.a.m.s.f.DefaultMavenResourcesFiltering - skip non existing resourceDirectory C:\Users\PC\eclipse-workspace\projekat\server\src\main\resources
2024-09-06 14:15:07,821 [Worker-34: Building] INFO  o.a.m.s.f.DefaultMavenResourcesFiltering - skip non existing resourceDirectory C:\Users\PC\eclipse-workspace\projekat\server\src\test\resources
2024-09-06 14:16:58,248 [Worker-37: Building] INFO  o.e.m.c.i.p.WorkspaceClassifierResolverManager - Resolving P/zajednicki: rs.ac.bg.fon.ai:zajednicki:1.1.0 with classifier  to /zajednicki/target/classes
2024-09-06 14:16:58,698 [Worker-37: Building] INFO  o.e.m.c.i.l.LifecycleMappingFactory - Using org.eclipse.m2e.jdt.JarLifecycleMapping lifecycle mapping for MavenProject: rs.ac.bg.fon.ai:server:1.1.0 @ C:\Users\PC\git\server\server\pom.xml.
2024-09-06 14:16:58,706 [Worker-37: Building] INFO  o.e.m.c.i.p.WorkspaceClassifierResolverManager - Resolving P/zajednicki: rs.ac.bg.fon.ai:zajednicki:1.1.0 with classifier  to /zajednicki/target/classes
2024-09-06 14:16:59,102 [Worker-37: Building] INFO  o.a.m.s.f.DefaultMavenResourcesFiltering - skip non existing resourceDirectory C:\Users\PC\git\server\server\src\main\resources
2024-09-06 14:16:59,111 [Worker-37: Building] INFO  o.a.m.s.f.DefaultMavenResourcesFiltering - skip non existing resourceDirectory C:\Users\PC\git\server\server\src\test\resources
2024-09-06 14:17:36,613 [Worker-37: Building] INFO  o.a.m.s.f.DefaultMavenResourcesFiltering - skip non existing resourceDirectory C:\Users\PC\git\server\server\src\main\resources
2024-09-06 14:17:36,615 [Worker-37: Building] INFO  o.a.m.s.f.DefaultMavenResourcesFiltering - skip non existing resourceDirectory C:\Users\PC\git\server\server\src\test\resources
2024-09-06 14:17:56,904 [Worker-37: Building] INFO  o.a.m.s.f.DefaultMavenResourcesFiltering - skip non existing resourceDirectory C:\Users\PC\git\server\server\src\main\resources
2024-09-06 14:17:56,908 [Worker-37: Building] INFO  o.a.m.s.f.DefaultMavenResourcesFiltering - skip non existing resourceDirectory C:\Users\PC\git\server\server\src\test\resources
2024-09-06 14:18:23,394 [Worker-32: Building] INFO  o.a.m.s.f.DefaultMavenResourcesFiltering - skip non existing resourceDirectory C:\Users\PC\git\server\server\src\main\resources
2024-09-06 14:18:23,399 [Worker-32: Building] INFO  o.a.m.s.f.DefaultMavenResourcesFiltering - skip non existing resourceDirectory C:\Users\PC\git\server\server\src\test\resources
2024-09-06 14:19:01,791 [Worker-34: Building] INFO  o.a.m.s.f.DefaultMavenResourcesFiltering - skip non existing resourceDirectory C:\Users\PC\git\server\server\src\main\resources
2024-09-06 14:19:01,794 [Worker-34: Building] INFO  o.a.m.s.f.DefaultMavenResourcesFiltering - skip non existing resourceDirectory C:\Users\PC\git\server\server\src\test\resources
2024-09-06 14:19:12,284 [Worker-38: Building] INFO  o.a.m.s.f.DefaultMavenResourcesFiltering - skip non existing resourceDirectory C:\Users\PC\git\server\server\src\main\resources
2024-09-06 14:19:12,288 [Worker-38: Building] INFO  o.a.m.s.f.DefaultMavenResourcesFiltering - skip non existing resourceDirectory C:\Users\PC\git\server\server\src\test\resources
2024-09-06 14:19:46,320 [Worker-34: Building] INFO  o.a.m.s.f.DefaultMavenResourcesFiltering - skip non existing resourceDirectory C:\Users\PC\git\server\server\src\main\resources
2024-09-06 14:19:46,324 [Worker-34: Building] INFO  o.a.m.s.f.DefaultMavenResourcesFiltering - skip non existing resourceDirectory C:\Users\PC\git\server\server\src\test\resources
2024-09-06 14:20:07,978 [Worker-37: Building] INFO  o.a.m.s.f.DefaultMavenResourcesFiltering - skip non existing resourceDirectory C:\Users\PC\git\server\server\src\main\resources
2024-09-06 14:20:07,983 [Worker-37: Building] INFO  o.a.m.s.f.DefaultMavenResourcesFiltering - skip non existing resourceDirectory C:\Users\PC\git\server\server\src\test\resources
2024-09-06 14:20:17,384 [Worker-33: Building] INFO  o.a.m.s.f.DefaultMavenResourcesFiltering - skip non existing resourceDirectory C:\Users\PC\git\server\server\src\main\resources
2024-09-06 14:20:17,387 [Worker-33: Building] INFO  o.a.m.s.f.DefaultMavenResourcesFiltering - skip non existing resourceDirectory C:\Users\PC\git\server\server\src\test\resources
2024-09-06 14:20:38,914 [Worker-36: Building] INFO  o.a.m.s.f.DefaultMavenResourcesFiltering - skip non existing resourceDirectory C:\Users\PC\git\server\server\src\main\resources
2024-09-06 14:20:38,920 [Worker-36: Building] INFO  o.a.m.s.f.DefaultMavenResourcesFiltering - skip non existing resourceDirectory C:\Users\PC\git\server\server\src\test\resources
2024-09-06 14:21:19,925 [Worker-36: Building] INFO  o.a.m.s.f.DefaultMavenResourcesFiltering - skip non existing resourceDirectory C:\Users\PC\git\server\server\src\main\resources
2024-09-06 14:21:19,929 [Worker-36: Building] INFO  o.a.m.s.f.DefaultMavenResourcesFiltering - skip non existing resourceDirectory C:\Users\PC\git\server\server\src\test\resources
2024-09-06 14:21:29,562 [Worker-38: Building] INFO  o.a.m.s.f.DefaultMavenResourcesFiltering - skip non existing resourceDirectory C:\Users\PC\git\server\server\src\main\resources
2024-09-06 14:21:29,567 [Worker-38: Building] INFO  o.a.m.s.f.DefaultMavenResourcesFiltering - skip non existing resourceDirectory C:\Users\PC\git\server\server\src\test\resources
2024-09-06 14:21:34,128 [Worker-33: Building] INFO  o.a.m.s.f.DefaultMavenResourcesFiltering - skip non existing resourceDirectory C:\Users\PC\git\server\server\src\main\resources
2024-09-06 14:21:34,131 [Worker-33: Building] INFO  o.a.m.s.f.DefaultMavenResourcesFiltering - skip non existing resourceDirectory C:\Users\PC\git\server\server\src\test\resources
2024-09-06 14:21:48,209 [Worker-33: Building] INFO  o.a.m.s.f.DefaultMavenResourcesFiltering - skip non existing resourceDirectory C:\Users\PC\git\server\server\src\main\resources
2024-09-06 14:21:48,214 [Worker-33: Building] INFO  o.a.m.s.f.DefaultMavenResourcesFiltering - skip non existing resourceDirectory C:\Users\PC\git\server\server\src\test\resources
2024-09-06 14:21:54,491 [Worker-25: Building] INFO  o.a.m.s.f.DefaultMavenResourcesFiltering - skip non existing resourceDirectory C:\Users\PC\git\server\server\src\main\resources
2024-09-06 14:21:54,495 [Worker-25: Building] INFO  o.a.m.s.f.DefaultMavenResourcesFiltering - skip non existing resourceDirectory C:\Users\PC\git\server\server\src\test\resources
2024-09-06 14:22:48,284 [Worker-36: Building] INFO  o.a.m.s.f.DefaultMavenResourcesFiltering - skip non existing resourceDirectory C:\Users\PC\git\server\server\src\main\resources
2024-09-06 14:22:48,289 [Worker-36: Building] INFO  o.a.m.s.f.DefaultMavenResourcesFiltering - skip non existing resourceDirectory C:\Users\PC\git\server\server\src\test\resources
2024-09-06 14:22:56,616 [Worker-33: Building] INFO  o.a.m.s.f.DefaultMavenResourcesFiltering - skip non existing resourceDirectory C:\Users\PC\git\server\server\src\main\resources
2024-09-06 14:22:56,620 [Worker-33: Building] INFO  o.a.m.s.f.DefaultMavenResourcesFiltering - skip non existing resourceDirectory C:\Users\PC\git\server\server\src\test\resources
2024-09-06 14:23:14,338 [Worker-37: Building] INFO  o.a.m.s.f.DefaultMavenResourcesFiltering - skip non existing resourceDirectory C:\Users\PC\git\server\server\src\main\resources
2024-09-06 14:23:14,342 [Worker-37: Building] INFO  o.a.m.s.f.DefaultMavenResourcesFiltering - skip non existing resourceDirectory C:\Users\PC\git\server\server\src\test\resources
2024-09-06 14:24:00,269 [Worker-38: Building] INFO  o.a.m.s.f.DefaultMavenResourcesFiltering - skip non existing resourceDirectory C:\Users\PC\git\server\server\src\main\resources
2024-09-06 14:24:00,276 [Worker-38: Building] INFO  o.a.m.s.f.DefaultMavenResourcesFiltering - skip non existing resourceDirectory C:\Users\PC\git\server\server\src\test\resources
2024-09-06 14:24:09,466 [Worker-25: Building] INFO  o.a.m.s.f.DefaultMavenResourcesFiltering - skip non existing resourceDirectory C:\Users\PC\git\server\server\src\main\resources
2024-09-06 14:24:09,469 [Worker-25: Building] INFO  o.a.m.s.f.DefaultMavenResourcesFiltering - skip non existing resourceDirectory C:\Users\PC\git\server\server\src\test\resources
2024-09-06 14:24:17,840 [Worker-32: Building] INFO  o.a.m.s.f.DefaultMavenResourcesFiltering - skip non existing resourceDirectory C:\Users\PC\git\server\server\src\main\resources
2024-09-06 14:24:17,844 [Worker-32: Building] INFO  o.a.m.s.f.DefaultMavenResourcesFiltering - skip non existing resourceDirectory C:\Users\PC\git\server\server\src\test\resources
2024-09-06 14:24:21,364 [Worker-39: Building] INFO  o.a.m.s.f.DefaultMavenResourcesFiltering - skip non existing resourceDirectory C:\Users\PC\git\server\server\src\main\resources
2024-09-06 14:24:21,367 [Worker-39: Building] INFO  o.a.m.s.f.DefaultMavenResourcesFiltering - skip non existing resourceDirectory C:\Users\PC\git\server\server\src\test\resources
2024-09-06 14:24:51,257 [Worker-39: Building] INFO  o.a.m.s.f.DefaultMavenResourcesFiltering - skip non existing resourceDirectory C:\Users\PC\git\server\server\src\main\resources
2024-09-06 14:24:51,261 [Worker-39: Building] INFO  o.a.m.s.f.DefaultMavenResourcesFiltering - skip non existing resourceDirectory C:\Users\PC\git\server\server\src\test\resources
2024-09-06 14:25:47,237 [Worker-34: Launching server] INFO  o.e.m.c.i.p.WorkspaceClassifierResolverManager - Resolving P/zajednicki: rs.ac.bg.fon.ai:zajednicki:1.1.0 with classifier null to /zajednicki/target/classes
2024-09-06 14:25:47,255 [Worker-34: Launching server] INFO  o.e.m.c.i.p.WorkspaceClassifierResolverManager - Resolving P/zajednicki: rs.ac.bg.fon.ai:zajednicki:1.1.0 with classifier null to /zajednicki/target/classes
2024-09-06 15:11:00,727 [Worker-1: Loading available Gradle versions] INFO  o.e.b.c.i.u.g.PublishedGradleVersions - Gradle version information cache is up-to-date. Trying to read.
2024-09-06 15:13:02,547 [Worker-12: Building] INFO  o.a.m.s.f.DefaultMavenResourcesFiltering - skip non existing resourceDirectory C:\Users\PC\git\zajednicki\zajednicki\src\main\resources
2024-09-06 15:13:02,558 [Worker-12: Building] INFO  o.a.m.s.f.DefaultMavenResourcesFiltering - skip non existing resourceDirectory C:\Users\PC\git\zajednicki\zajednicki\src\test\resources
2024-09-06 15:13:46,186 [Worker-12: Building] INFO  o.a.m.s.f.DefaultMavenResourcesFiltering - skip non existing resourceDirectory C:\Users\PC\git\zajednicki\zajednicki\src\main\resources
2024-09-06 15:13:46,192 [Worker-12: Building] INFO  o.a.m.s.f.DefaultMavenResourcesFiltering - skip non existing resourceDirectory C:\Users\PC\git\zajednicki\zajednicki\src\test\resources
2024-09-06 15:14:33,370 [Worker-2: Building] INFO  o.a.m.s.f.DefaultMavenResourcesFiltering - skip non existing resourceDirectory C:\Users\PC\git\zajednicki\zajednicki\src\main\resources
2024-09-06 15:14:33,378 [Worker-2: Building] INFO  o.a.m.s.f.DefaultMavenResourcesFiltering - skip non existing resourceDirectory C:\Users\PC\git\zajednicki\zajednicki\src\test\resources
2024-09-06 15:14:53,596 [Worker-21: Building] INFO  o.a.m.s.f.DefaultMavenResourcesFiltering - skip non existing resourceDirectory C:\Users\PC\git\zajednicki\zajednicki\src\main\resources
2024-09-06 15:14:53,602 [Worker-21: Building] INFO  o.a.m.s.f.DefaultMavenResourcesFiltering - skip non existing resourceDirectory C:\Users\PC\git\zajednicki\zajednicki\src\test\resources
2024-09-06 15:15:34,042 [Worker-10: Building] INFO  o.a.m.s.f.DefaultMavenResourcesFiltering - skip non existing resourceDirectory C:\Users\PC\git\zajednicki\zajednicki\src\main\resources
2024-09-06 15:15:34,047 [Worker-10: Building] INFO  o.a.m.s.f.DefaultMavenResourcesFiltering - skip non existing resourceDirectory C:\Users\PC\git\zajednicki\zajednicki\src\test\resources
2024-09-06 15:15:50,585 [Worker-6: Building] INFO  o.a.m.s.f.DefaultMavenResourcesFiltering - skip non existing resourceDirectory C:\Users\PC\git\zajednicki\zajednicki\src\main\resources
2024-09-06 15:15:50,591 [Worker-6: Building] INFO  o.a.m.s.f.DefaultMavenResourcesFiltering - skip non existing resourceDirectory C:\Users\PC\git\zajednicki\zajednicki\src\test\resources
2024-09-06 15:16:32,719 [Worker-16: Building] INFO  o.a.m.s.f.DefaultMavenResourcesFiltering - skip non existing resourceDirectory C:\Users\PC\git\zajednicki\zajednicki\src\main\resources
2024-09-06 15:16:32,726 [Worker-16: Building] INFO  o.a.m.s.f.DefaultMavenResourcesFiltering - skip non existing resourceDirectory C:\Users\PC\git\zajednicki\zajednicki\src\test\resources
2024-09-06 15:16:50,153 [Worker-15: Building] INFO  o.a.m.s.f.DefaultMavenResourcesFiltering - skip non existing resourceDirectory C:\Users\PC\git\zajednicki\zajednicki\src\main\resources
2024-09-06 15:16:50,158 [Worker-15: Building] INFO  o.a.m.s.f.DefaultMavenResourcesFiltering - skip non existing resourceDirectory C:\Users\PC\git\zajednicki\zajednicki\src\test\resources
2024-09-06 15:17:35,666 [Worker-6: Building] INFO  o.a.m.s.f.DefaultMavenResourcesFiltering - skip non existing resourceDirectory C:\Users\PC\git\zajednicki\zajednicki\src\main\resources
2024-09-06 15:17:35,670 [Worker-6: Building] INFO  o.a.m.s.f.DefaultMavenResourcesFiltering - skip non existing resourceDirectory C:\Users\PC\git\zajednicki\zajednicki\src\test\resources
2024-09-06 15:17:51,034 [Worker-5: Building] INFO  o.a.m.s.f.DefaultMavenResourcesFiltering - skip non existing resourceDirectory C:\Users\PC\git\zajednicki\zajednicki\src\main\resources
2024-09-06 15:17:51,039 [Worker-5: Building] INFO  o.a.m.s.f.DefaultMavenResourcesFiltering - skip non existing resourceDirectory C:\Users\PC\git\zajednicki\zajednicki\src\test\resources
2024-09-06 15:18:27,416 [Worker-20: Building] INFO  o.a.m.s.f.DefaultMavenResourcesFiltering - skip non existing resourceDirectory C:\Users\PC\git\zajednicki\zajednicki\src\main\resources
2024-09-06 15:18:27,422 [Worker-20: Building] INFO  o.a.m.s.f.DefaultMavenResourcesFiltering - skip non existing resourceDirectory C:\Users\PC\git\zajednicki\zajednicki\src\test\resources
2024-09-06 15:18:43,045 [Worker-21: Building] INFO  o.a.m.s.f.DefaultMavenResourcesFiltering - skip non existing resourceDirectory C:\Users\PC\git\zajednicki\zajednicki\src\main\resources
2024-09-06 15:18:43,050 [Worker-21: Building] INFO  o.a.m.s.f.DefaultMavenResourcesFiltering - skip non existing resourceDirectory C:\Users\PC\git\zajednicki\zajednicki\src\test\resources
2024-09-06 15:19:13,174 [Worker-15: Building] INFO  o.a.m.s.f.DefaultMavenResourcesFiltering - skip non existing resourceDirectory C:\Users\PC\git\zajednicki\zajednicki\src\main\resources
2024-09-06 15:19:13,179 [Worker-15: Building] INFO  o.a.m.s.f.DefaultMavenResourcesFiltering - skip non existing resourceDirectory C:\Users\PC\git\zajednicki\zajednicki\src\test\resources
2024-09-06 15:19:26,864 [Worker-11: Building] INFO  o.a.m.s.f.DefaultMavenResourcesFiltering - skip non existing resourceDirectory C:\Users\PC\git\zajednicki\zajednicki\src\main\resources
2024-09-06 15:19:26,870 [Worker-11: Building] INFO  o.a.m.s.f.DefaultMavenResourcesFiltering - skip non existing resourceDirectory C:\Users\PC\git\zajednicki\zajednicki\src\test\resources
2024-09-06 15:19:56,822 [Worker-24: Building] INFO  o.a.m.s.f.DefaultMavenResourcesFiltering - skip non existing resourceDirectory C:\Users\PC\git\zajednicki\zajednicki\src\main\resources
2024-09-06 15:19:56,827 [Worker-24: Building] INFO  o.a.m.s.f.DefaultMavenResourcesFiltering - skip non existing resourceDirectory C:\Users\PC\git\zajednicki\zajednicki\src\test\resources
2024-09-06 15:20:06,432 [Worker-16: Building] INFO  o.a.m.s.f.DefaultMavenResourcesFiltering - skip non existing resourceDirectory C:\Users\PC\git\zajednicki\zajednicki\src\main\resources
2024-09-06 15:20:06,438 [Worker-16: Building] INFO  o.a.m.s.f.DefaultMavenResourcesFiltering - skip non existing resourceDirectory C:\Users\PC\git\zajednicki\zajednicki\src\test\resources
